The system is: Linux - 5.18.16_p1-debian-sources - x86_64
Compiling the C compiler identification source file "CMakeCCompilerId.c" succeeded.
Compiler: /usr/bin/cc 
Build flags: 
Id flags:  

The output was:
0


Compilation of the C compiler identification source "CMakeCCompilerId.c" produced "a.out"

The C compiler identification is GNU, found in "/home/i-use-gentoo-btw/Documents/Random/Pong/cmake-build-debug/CMakeFiles/3.23.2/CompilerIdC/a.out"

Compiling the CXX compiler identification source file "CMakeCXXCompilerId.cpp" succeeded.
Compiler: /usr/bin/c++ 
Build flags: 
Id flags:  

The output was:
0


Compilation of the CXX compiler identification source "CMakeCXXCompilerId.cpp" produced "a.out"

The CXX compiler identification is GNU, found in "/home/i-use-gentoo-btw/Documents/Random/Pong/cmake-build-debug/CMakeFiles/3.23.2/CompilerIdCXX/a.out"

Detecting C compiler ABI info compiled with the following output:
Change Dir: /home/i-use-gentoo-btw/Documents/Random/Pong/cmake-build-debug/CMakeFiles/CMakeTmp

Run Build Command(s):/usr/bin/gmake -f Makefile cmTC_40afd/fast && /usr/bin/gmake  -f CMakeFiles/cmTC_40afd.dir/build.make CMakeFiles/cmTC_40afd.dir/build
gmake[1]: Entering directory '/home/i-use-gentoo-btw/Documents/Random/Pong/cmake-build-debug/CMakeFiles/CMakeTmp'
Building C object CMakeFiles/cmTC_40afd.dir/CMakeCCompilerABI.c.o
/usr/bin/cc   -v -o CMakeFiles/cmTC_40afd.dir/CMakeCCompilerABI.c.o -c /opt/clion/bin/cmake/linux/share/cmake-3.23/Modules/CMakeCCompilerABI.c
Using built-in specs.
COLLECT_GCC=/usr/bin/cc
Target: x86_64-pc-linux-gnu
Configured with: ../gcc-11.3.0/configure --disable-libssp --disable-multilib --enable-version-specific-runtime-libs --prefix=/usr --bindir=/usr/x86_64-pc-linux-gnu/gcc-bin/11.3.0 --includedir=/usr/lib/gcc/x86_64-pc-linux-gnu/11.3.0/include --datadir=/usr/share/gcc-data/x86_64-pc-linux-gnu/11.3.0 --mandir=/usr/share/gcc-data/x86_64-pc-linux-gnu/11.3.0/man --infodir=/usr/share/gcc-data/x86_64-pc-linux-gnu/11.3.0/info --with-gxx-include-dir=/usr/lib/gcc/x86_64-pc-linux-gnu/11.3.0/include/g++-v11.3.0 --enable-clocale=gnu --host=x86_64-pc-linux-gnu --enable-obsolete --disable-werror --enable-libmudflap --enable-secureplt --enable-lto --with-system-zlib --without-cloog --with-bugurl=http://bugs.funtoo.org --with-pkgversion='Funtoo 11.3.0-r1' --enable-stage1-checking=assert,runtime,misc,tree,gc,rtlflag --enable-checking=assert,runtime --enable-languages=c,c++,fortran --disable-libgcj --enable-threads=posix --enable-__cxa_atexit --enable-libstdcxx-time --enable-libgomp --enable-bootstrap --enable-shared --build=x86_64-pc-linux-gnu --disable-libsanitizer --enable-default-pie --enable-default-ssp --disable-libstdcxx-pch --disable-vtable-verify --disable-libvtv --with-python-dir=/share/gcc-data/x86_64-pc-linux-gnu/11.3.0/python --enable-nls --with-included-gettext --with-arch=native
Thread model: posix
Supported LTO compression algorithms: zlib zstd
gcc version 11.3.0 (Funtoo 11.3.0-r1) 
COLLECT_GCC_OPTIONS='-v' '-o' 'CMakeFiles/cmTC_40afd.dir/CMakeCCompilerABI.c.o' '-c' '-mtune=generic' '-march=native' '-dumpdir' 'CMakeFiles/cmTC_40afd.dir/'
 /usr/libexec/gcc/x86_64-pc-linux-gnu/11.3.0/cc1 -quiet -v /opt/clion/bin/cmake/linux/share/cmake-3.23/Modules/CMakeCCompilerABI.c -march=znver2 -mmmx -mpopcnt -msse -msse2 -msse3 -mssse3 -msse4.1 -msse4.2 -mavx -mavx2 -msse4a -mno-fma4 -mno-xop -mfma -mno-avx512f -mbmi -mbmi2 -maes -mpclmul -mno-avx512vl -mno-avx512bw -mno-avx512dq -mno-avx512cd -mno-avx512er -mno-avx512pf -mno-avx512vbmi -mno-avx512ifma -mno-avx5124vnniw -mno-avx5124fmaps -mno-avx512vpopcntdq -mno-avx512vbmi2 -mno-gfni -mno-vpclmulqdq -mno-avx512vnni -mno-avx512bitalg -mno-avx512bf16 -mno-avx512vp2intersect -mno-3dnow -madx -mabm -mno-cldemote -mclflushopt -mclwb -mclzero -mcx16 -mno-enqcmd -mf16c -mfsgsbase -mfxsr -mno-hle -msahf -mno-lwp -mlzcnt -mmovbe -mno-movdir64b -mno-movdiri -mmwaitx -mno-pconfig -mno-pku -mno-prefetchwt1 -mprfchw -mno-ptwrite -mrdpid -mrdrnd -mrdseed -mno-rtm -mno-serialize -mno-sgx -msha -mno-shstk -mno-tbm -mno-tsxldtrk -mno-vaes -mno-waitpkg -mwbnoinvd -mxsave -mxsavec -mxsaveopt -mxsaves -mno-amx-tile -mno-amx-int8 -mno-amx-bf16 -mno-uintr -mno-hreset -mno-kl -mno-widekl -mno-avxvnni -quiet -dumpdir CMakeFiles/cmTC_40afd.dir/ -dumpbase CMakeCCompilerABI.c.c -dumpbase-ext .c -mtune=generic -version -o /tmp/ccr39wUk.s
GNU C17 (Funtoo 11.3.0-r1) version 11.3.0 (x86_64-pc-linux-gnu)
	compiled by GNU C version 11.3.0, GMP version 6.2.1, MPFR version 4.1.0, MPC version 1.2.1, isl version none
GGC heuristics: --param ggc-min-expand=100 --param ggc-min-heapsize=131072
ignoring nonexistent directory "/usr/lib/gcc/x86_64-pc-linux-gnu/11.3.0/../../../../x86_64-pc-linux-gnu/include"
#include "..." search starts here:
#include <...> search starts here:
 /usr/lib/gcc/x86_64-pc-linux-gnu/11.3.0/include
 /usr/local/include
 /usr/lib/gcc/x86_64-pc-linux-gnu/11.3.0/include-fixed
 /usr/include
End of search list.
GNU C17 (Funtoo 11.3.0-r1) version 11.3.0 (x86_64-pc-linux-gnu)
	compiled by GNU C version 11.3.0, GMP version 6.2.1, MPFR version 4.1.0, MPC version 1.2.1, isl version none
GGC heuristics: --param ggc-min-expand=100 --param ggc-min-heapsize=131072
Compiler executable checksum: 95e17409ceb9eade713d2204b56375f2
COLLECT_GCC_OPTIONS='-v' '-o' 'CMakeFiles/cmTC_40afd.dir/CMakeCCompilerABI.c.o' '-c' '-mtune=generic' '-march=native' '-dumpdir' 'CMakeFiles/cmTC_40afd.dir/'
 /usr/lib/gcc/x86_64-pc-linux-gnu/11.3.0/../../../../x86_64-pc-linux-gnu/bin/as -v --64 -o CMakeFiles/cmTC_40afd.dir/CMakeCCompilerABI.c.o /tmp/ccr39wUk.s
GNU assembler version 2.36.1 (x86_64-pc-linux-gnu) using BFD version (Funtoo {version} patchset: https://dev.gentoo.org/~dilfridge/distfiles/binutils-2.36.1-patches-3.tar.xz) 2.36.1
COMPILER_PATH=/usr/libexec/gcc/x86_64-pc-linux-gnu/11.3.0/:/usr/libexec/gcc/x86_64-pc-linux-gnu/11.3.0/:/usr/libexec/gcc/x86_64-pc-linux-gnu/:/usr/lib/gcc/x86_64-pc-linux-gnu/11.3.0/:/usr/lib/gcc/x86_64-pc-linux-gnu/:/usr/lib/gcc/x86_64-pc-linux-gnu/11.3.0/../../../../x86_64-pc-linux-gnu/bin/
LIBRARY_PATH=/usr/lib/gcc/x86_64-pc-linux-gnu/11.3.0/:/usr/lib/gcc/x86_64-pc-linux-gnu/11.3.0/../../../../lib64/:/lib/../lib64/:/usr/lib/../lib64/:/usr/lib/gcc/x86_64-pc-linux-gnu/11.3.0/../../../../x86_64-pc-linux-gnu/lib/:/usr/lib/gcc/x86_64-pc-linux-gnu/11.3.0/../../../:/lib/:/usr/lib/
COLLECT_GCC_OPTIONS='-v' '-o' 'CMakeFiles/cmTC_40afd.dir/CMakeCCompilerABI.c.o' '-c' '-mtune=generic' '-march=native' '-dumpdir' 'CMakeFiles/cmTC_40afd.dir/CMakeCCompilerABI.c.'
Linking C executable cmTC_40afd
/opt/clion/bin/cmake/linux/bin/cmake -E cmake_link_script CMakeFiles/cmTC_40afd.dir/link.txt --verbose=1
/usr/bin/cc  -v CMakeFiles/cmTC_40afd.dir/CMakeCCompilerABI.c.o -o cmTC_40afd 
Using built-in specs.
COLLECT_GCC=/usr/bin/cc
COLLECT_LTO_WRAPPER=/usr/libexec/gcc/x86_64-pc-linux-gnu/11.3.0/lto-wrapper
Target: x86_64-pc-linux-gnu
Configured with: ../gcc-11.3.0/configure --disable-libssp --disable-multilib --enable-version-specific-runtime-libs --prefix=/usr --bindir=/usr/x86_64-pc-linux-gnu/gcc-bin/11.3.0 --includedir=/usr/lib/gcc/x86_64-pc-linux-gnu/11.3.0/include --datadir=/usr/share/gcc-data/x86_64-pc-linux-gnu/11.3.0 --mandir=/usr/share/gcc-data/x86_64-pc-linux-gnu/11.3.0/man --infodir=/usr/share/gcc-data/x86_64-pc-linux-gnu/11.3.0/info --with-gxx-include-dir=/usr/lib/gcc/x86_64-pc-linux-gnu/11.3.0/include/g++-v11.3.0 --enable-clocale=gnu --host=x86_64-pc-linux-gnu --enable-obsolete --disable-werror --enable-libmudflap --enable-secureplt --enable-lto --with-system-zlib --without-cloog --with-bugurl=http://bugs.funtoo.org --with-pkgversion='Funtoo 11.3.0-r1' --enable-stage1-checking=assert,runtime,misc,tree,gc,rtlflag --enable-checking=assert,runtime --enable-languages=c,c++,fortran --disable-libgcj --enable-threads=posix --enable-__cxa_atexit --enable-libstdcxx-time --enable-libgomp --enable-bootstrap --enable-shared --build=x86_64-pc-linux-gnu --disable-libsanitizer --enable-default-pie --enable-default-ssp --disable-libstdcxx-pch --disable-vtable-verify --disable-libvtv --with-python-dir=/share/gcc-data/x86_64-pc-linux-gnu/11.3.0/python --enable-nls --with-included-gettext --with-arch=native
Thread model: posix
Supported LTO compression algorithms: zlib zstd
gcc version 11.3.0 (Funtoo 11.3.0-r1) 
COMPILER_PATH=/usr/libexec/gcc/x86_64-pc-linux-gnu/11.3.0/:/usr/libexec/gcc/x86_64-pc-linux-gnu/11.3.0/:/usr/libexec/gcc/x86_64-pc-linux-gnu/:/usr/lib/gcc/x86_64-pc-linux-gnu/11.3.0/:/usr/lib/gcc/x86_64-pc-linux-gnu/:/usr/lib/gcc/x86_64-pc-linux-gnu/11.3.0/../../../../x86_64-pc-linux-gnu/bin/
LIBRARY_PATH=/usr/lib/gcc/x86_64-pc-linux-gnu/11.3.0/:/usr/lib/gcc/x86_64-pc-linux-gnu/11.3.0/../../../../lib64/:/lib/../lib64/:/usr/lib/../lib64/:/usr/lib/gcc/x86_64-pc-linux-gnu/11.3.0/../../../../x86_64-pc-linux-gnu/lib/:/usr/lib/gcc/x86_64-pc-linux-gnu/11.3.0/../../../:/lib/:/usr/lib/
COLLECT_GCC_OPTIONS='-v' '-o' 'cmTC_40afd' '-mtune=generic' '-march=native' '-dumpdir' 'cmTC_40afd.'
 /usr/libexec/gcc/x86_64-pc-linux-gnu/11.3.0/collect2 -plugin /usr/libexec/gcc/x86_64-pc-linux-gnu/11.3.0/liblto_plugin.so -plugin-opt=/usr/libexec/gcc/x86_64-pc-linux-gnu/11.3.0/lto-wrapper -plugin-opt=-fresolution=/tmp/cccVyh1v.res -plugin-opt=-pass-through=-lgcc -plugin-opt=-pass-through=-lgcc_s -plugin-opt=-pass-through=-lc -plugin-opt=-pass-through=-lgcc -plugin-opt=-pass-through=-lgcc_s --eh-frame-hdr -m elf_x86_64 -dynamic-linker /lib64/ld-linux-x86-64.so.2 -pie -o cmTC_40afd /usr/lib/gcc/x86_64-pc-linux-gnu/11.3.0/../../../../lib64/Scrt1.o /usr/lib/gcc/x86_64-pc-linux-gnu/11.3.0/../../../../lib64/crti.o /usr/lib/gcc/x86_64-pc-linux-gnu/11.3.0/crtbeginS.o -L/usr/lib/gcc/x86_64-pc-linux-gnu/11.3.0 -L/usr/lib/gcc/x86_64-pc-linux-gnu/11.3.0/../../../../lib64 -L/lib/../lib64 -L/usr/lib/../lib64 -L/usr/lib/gcc/x86_64-pc-linux-gnu/11.3.0/../../../../x86_64-pc-linux-gnu/lib -L/usr/lib/gcc/x86_64-pc-linux-gnu/11.3.0/../../.. CMakeFiles/cmTC_40afd.dir/CMakeCCompilerABI.c.o -lgcc --push-state --as-needed -lgcc_s --pop-state -lc -lgcc --push-state --as-needed -lgcc_s --pop-state /usr/lib/gcc/x86_64-pc-linux-gnu/11.3.0/crtendS.o /usr/lib/gcc/x86_64-pc-linux-gnu/11.3.0/../../../../lib64/crtn.o
COLLECT_GCC_OPTIONS='-v' '-o' 'cmTC_40afd' '-mtune=generic' '-march=native' '-dumpdir' 'cmTC_40afd.'
gmake[1]: Leaving directory '/home/i-use-gentoo-btw/Documents/Random/Pong/cmake-build-debug/CMakeFiles/CMakeTmp'



Parsed C implicit include dir info from above output: rv=done
  found start of include info
  found start of implicit include info
    add: [/usr/lib/gcc/x86_64-pc-linux-gnu/11.3.0/include]
    add: [/usr/local/include]
    add: [/usr/lib/gcc/x86_64-pc-linux-gnu/11.3.0/include-fixed]
    add: [/usr/include]
  end of search list found
  collapse include dir [/usr/lib/gcc/x86_64-pc-linux-gnu/11.3.0/include] ==> [/usr/lib/gcc/x86_64-pc-linux-gnu/11.3.0/include]
  collapse include dir [/usr/local/include] ==> [/usr/local/include]
  collapse include dir [/usr/lib/gcc/x86_64-pc-linux-gnu/11.3.0/include-fixed] ==> [/usr/lib/gcc/x86_64-pc-linux-gnu/11.3.0/include-fixed]
  collapse include dir [/usr/include] ==> [/usr/include]
  implicit include dirs: [/usr/lib/gcc/x86_64-pc-linux-gnu/11.3.0/include;/usr/local/include;/usr/lib/gcc/x86_64-pc-linux-gnu/11.3.0/include-fixed;/usr/include]


Parsed C implicit link information from above output:
  link line regex: [^( *|.*[/\])(ld|CMAKE_LINK_STARTFILE-NOTFOUND|([^/\]+-)?ld|collect2)[^/\]*( |$)]
  ignore line: [Change Dir: /home/i-use-gentoo-btw/Documents/Random/Pong/cmake-build-debug/CMakeFiles/CMakeTmp]
  ignore line: []
  ignore line: [Run Build Command(s):/usr/bin/gmake -f Makefile cmTC_40afd/fast && /usr/bin/gmake  -f CMakeFiles/cmTC_40afd.dir/build.make CMakeFiles/cmTC_40afd.dir/build]
  ignore line: [gmake[1]: Entering directory '/home/i-use-gentoo-btw/Documents/Random/Pong/cmake-build-debug/CMakeFiles/CMakeTmp']
  ignore line: [Building C object CMakeFiles/cmTC_40afd.dir/CMakeCCompilerABI.c.o]
  ignore line: [/usr/bin/cc   -v -o CMakeFiles/cmTC_40afd.dir/CMakeCCompilerABI.c.o -c /opt/clion/bin/cmake/linux/share/cmake-3.23/Modules/CMakeCCompilerABI.c]
  ignore line: [Using built-in specs.]
  ignore line: [COLLECT_GCC=/usr/bin/cc]
  ignore line: [Target: x86_64-pc-linux-gnu]
  ignore line: [Configured with: ../gcc-11.3.0/configure --disable-libssp --disable-multilib --enable-version-specific-runtime-libs --prefix=/usr --bindir=/usr/x86_64-pc-linux-gnu/gcc-bin/11.3.0 --includedir=/usr/lib/gcc/x86_64-pc-linux-gnu/11.3.0/include --datadir=/usr/share/gcc-data/x86_64-pc-linux-gnu/11.3.0 --mandir=/usr/share/gcc-data/x86_64-pc-linux-gnu/11.3.0/man --infodir=/usr/share/gcc-data/x86_64-pc-linux-gnu/11.3.0/info --with-gxx-include-dir=/usr/lib/gcc/x86_64-pc-linux-gnu/11.3.0/include/g++-v11.3.0 --enable-clocale=gnu --host=x86_64-pc-linux-gnu --enable-obsolete --disable-werror --enable-libmudflap --enable-secureplt --enable-lto --with-system-zlib --without-cloog --with-bugurl=http://bugs.funtoo.org --with-pkgversion='Funtoo 11.3.0-r1' --enable-stage1-checking=assert runtime misc tree gc rtlflag --enable-checking=assert runtime --enable-languages=c c++ fortran --disable-libgcj --enable-threads=posix --enable-__cxa_atexit --enable-libstdcxx-time --enable-libgomp --enable-bootstrap --enable-shared --build=x86_64-pc-linux-gnu --disable-libsanitizer --enable-default-pie --enable-default-ssp --disable-libstdcxx-pch --disable-vtable-verify --disable-libvtv --with-python-dir=/share/gcc-data/x86_64-pc-linux-gnu/11.3.0/python --enable-nls --with-included-gettext --with-arch=native]
  ignore line: [Thread model: posix]
  ignore line: [Supported LTO compression algorithms: zlib zstd]
  ignore line: [gcc version 11.3.0 (Funtoo 11.3.0-r1) ]
  ignore line: [COLLECT_GCC_OPTIONS='-v' '-o' 'CMakeFiles/cmTC_40afd.dir/CMakeCCompilerABI.c.o' '-c' '-mtune=generic' '-march=native' '-dumpdir' 'CMakeFiles/cmTC_40afd.dir/']
  ignore line: [ /usr/libexec/gcc/x86_64-pc-linux-gnu/11.3.0/cc1 -quiet -v /opt/clion/bin/cmake/linux/share/cmake-3.23/Modules/CMakeCCompilerABI.c -march=znver2 -mmmx -mpopcnt -msse -msse2 -msse3 -mssse3 -msse4.1 -msse4.2 -mavx -mavx2 -msse4a -mno-fma4 -mno-xop -mfma -mno-avx512f -mbmi -mbmi2 -maes -mpclmul -mno-avx512vl -mno-avx512bw -mno-avx512dq -mno-avx512cd -mno-avx512er -mno-avx512pf -mno-avx512vbmi -mno-avx512ifma -mno-avx5124vnniw -mno-avx5124fmaps -mno-avx512vpopcntdq -mno-avx512vbmi2 -mno-gfni -mno-vpclmulqdq -mno-avx512vnni -mno-avx512bitalg -mno-avx512bf16 -mno-avx512vp2intersect -mno-3dnow -madx -mabm -mno-cldemote -mclflushopt -mclwb -mclzero -mcx16 -mno-enqcmd -mf16c -mfsgsbase -mfxsr -mno-hle -msahf -mno-lwp -mlzcnt -mmovbe -mno-movdir64b -mno-movdiri -mmwaitx -mno-pconfig -mno-pku -mno-prefetchwt1 -mprfchw -mno-ptwrite -mrdpid -mrdrnd -mrdseed -mno-rtm -mno-serialize -mno-sgx -msha -mno-shstk -mno-tbm -mno-tsxldtrk -mno-vaes -mno-waitpkg -mwbnoinvd -mxsave -mxsavec -mxsaveopt -mxsaves -mno-amx-tile -mno-amx-int8 -mno-amx-bf16 -mno-uintr -mno-hreset -mno-kl -mno-widekl -mno-avxvnni -quiet -dumpdir CMakeFiles/cmTC_40afd.dir/ -dumpbase CMakeCCompilerABI.c.c -dumpbase-ext .c -mtune=generic -version -o /tmp/ccr39wUk.s]
  ignore line: [GNU C17 (Funtoo 11.3.0-r1) version 11.3.0 (x86_64-pc-linux-gnu)]
  ignore line: [	compiled by GNU C version 11.3.0  GMP version 6.2.1  MPFR version 4.1.0  MPC version 1.2.1  isl version none]
  ignore line: [GGC heuristics: --param ggc-min-expand=100 --param ggc-min-heapsize=131072]
  ignore line: [ignoring nonexistent directory "/usr/lib/gcc/x86_64-pc-linux-gnu/11.3.0/../../../../x86_64-pc-linux-gnu/include"]
  ignore line: [#include "..." search starts here:]
  ignore line: [#include <...> search starts here:]
  ignore line: [ /usr/lib/gcc/x86_64-pc-linux-gnu/11.3.0/include]
  ignore line: [ /usr/local/include]
  ignore line: [ /usr/lib/gcc/x86_64-pc-linux-gnu/11.3.0/include-fixed]
  ignore line: [ /usr/include]
  ignore line: [End of search list.]
  ignore line: [GNU C17 (Funtoo 11.3.0-r1) version 11.3.0 (x86_64-pc-linux-gnu)]
  ignore line: [	compiled by GNU C version 11.3.0  GMP version 6.2.1  MPFR version 4.1.0  MPC version 1.2.1  isl version none]
  ignore line: [GGC heuristics: --param ggc-min-expand=100 --param ggc-min-heapsize=131072]
  ignore line: [Compiler executable checksum: 95e17409ceb9eade713d2204b56375f2]
  ignore line: [COLLECT_GCC_OPTIONS='-v' '-o' 'CMakeFiles/cmTC_40afd.dir/CMakeCCompilerABI.c.o' '-c' '-mtune=generic' '-march=native' '-dumpdir' 'CMakeFiles/cmTC_40afd.dir/']
  ignore line: [ /usr/lib/gcc/x86_64-pc-linux-gnu/11.3.0/../../../../x86_64-pc-linux-gnu/bin/as -v --64 -o CMakeFiles/cmTC_40afd.dir/CMakeCCompilerABI.c.o /tmp/ccr39wUk.s]
  ignore line: [GNU assembler version 2.36.1 (x86_64-pc-linux-gnu) using BFD version (Funtoo {version} patchset: https://dev.gentoo.org/~dilfridge/distfiles/binutils-2.36.1-patches-3.tar.xz) 2.36.1]
  ignore line: [COMPILER_PATH=/usr/libexec/gcc/x86_64-pc-linux-gnu/11.3.0/:/usr/libexec/gcc/x86_64-pc-linux-gnu/11.3.0/:/usr/libexec/gcc/x86_64-pc-linux-gnu/:/usr/lib/gcc/x86_64-pc-linux-gnu/11.3.0/:/usr/lib/gcc/x86_64-pc-linux-gnu/:/usr/lib/gcc/x86_64-pc-linux-gnu/11.3.0/../../../../x86_64-pc-linux-gnu/bin/]
  ignore line: [LIBRARY_PATH=/usr/lib/gcc/x86_64-pc-linux-gnu/11.3.0/:/usr/lib/gcc/x86_64-pc-linux-gnu/11.3.0/../../../../lib64/:/lib/../lib64/:/usr/lib/../lib64/:/usr/lib/gcc/x86_64-pc-linux-gnu/11.3.0/../../../../x86_64-pc-linux-gnu/lib/:/usr/lib/gcc/x86_64-pc-linux-gnu/11.3.0/../../../:/lib/:/usr/lib/]
  ignore line: [COLLECT_GCC_OPTIONS='-v' '-o' 'CMakeFiles/cmTC_40afd.dir/CMakeCCompilerABI.c.o' '-c' '-mtune=generic' '-march=native' '-dumpdir' 'CMakeFiles/cmTC_40afd.dir/CMakeCCompilerABI.c.']
  ignore line: [Linking C executable cmTC_40afd]
  ignore line: [/opt/clion/bin/cmake/linux/bin/cmake -E cmake_link_script CMakeFiles/cmTC_40afd.dir/link.txt --verbose=1]
  ignore line: [/usr/bin/cc  -v CMakeFiles/cmTC_40afd.dir/CMakeCCompilerABI.c.o -o cmTC_40afd ]
  ignore line: [Using built-in specs.]
  ignore line: [COLLECT_GCC=/usr/bin/cc]
  ignore line: [COLLECT_LTO_WRAPPER=/usr/libexec/gcc/x86_64-pc-linux-gnu/11.3.0/lto-wrapper]
  ignore line: [Target: x86_64-pc-linux-gnu]
  ignore line: [Configured with: ../gcc-11.3.0/configure --disable-libssp --disable-multilib --enable-version-specific-runtime-libs --prefix=/usr --bindir=/usr/x86_64-pc-linux-gnu/gcc-bin/11.3.0 --includedir=/usr/lib/gcc/x86_64-pc-linux-gnu/11.3.0/include --datadir=/usr/share/gcc-data/x86_64-pc-linux-gnu/11.3.0 --mandir=/usr/share/gcc-data/x86_64-pc-linux-gnu/11.3.0/man --infodir=/usr/share/gcc-data/x86_64-pc-linux-gnu/11.3.0/info --with-gxx-include-dir=/usr/lib/gcc/x86_64-pc-linux-gnu/11.3.0/include/g++-v11.3.0 --enable-clocale=gnu --host=x86_64-pc-linux-gnu --enable-obsolete --disable-werror --enable-libmudflap --enable-secureplt --enable-lto --with-system-zlib --without-cloog --with-bugurl=http://bugs.funtoo.org --with-pkgversion='Funtoo 11.3.0-r1' --enable-stage1-checking=assert runtime misc tree gc rtlflag --enable-checking=assert runtime --enable-languages=c c++ fortran --disable-libgcj --enable-threads=posix --enable-__cxa_atexit --enable-libstdcxx-time --enable-libgomp --enable-bootstrap --enable-shared --build=x86_64-pc-linux-gnu --disable-libsanitizer --enable-default-pie --enable-default-ssp --disable-libstdcxx-pch --disable-vtable-verify --disable-libvtv --with-python-dir=/share/gcc-data/x86_64-pc-linux-gnu/11.3.0/python --enable-nls --with-included-gettext --with-arch=native]
  ignore line: [Thread model: posix]
  ignore line: [Supported LTO compression algorithms: zlib zstd]
  ignore line: [gcc version 11.3.0 (Funtoo 11.3.0-r1) ]
  ignore line: [COMPILER_PATH=/usr/libexec/gcc/x86_64-pc-linux-gnu/11.3.0/:/usr/libexec/gcc/x86_64-pc-linux-gnu/11.3.0/:/usr/libexec/gcc/x86_64-pc-linux-gnu/:/usr/lib/gcc/x86_64-pc-linux-gnu/11.3.0/:/usr/lib/gcc/x86_64-pc-linux-gnu/:/usr/lib/gcc/x86_64-pc-linux-gnu/11.3.0/../../../../x86_64-pc-linux-gnu/bin/]
  ignore line: [LIBRARY_PATH=/usr/lib/gcc/x86_64-pc-linux-gnu/11.3.0/:/usr/lib/gcc/x86_64-pc-linux-gnu/11.3.0/../../../../lib64/:/lib/../lib64/:/usr/lib/../lib64/:/usr/lib/gcc/x86_64-pc-linux-gnu/11.3.0/../../../../x86_64-pc-linux-gnu/lib/:/usr/lib/gcc/x86_64-pc-linux-gnu/11.3.0/../../../:/lib/:/usr/lib/]
  ignore line: [COLLECT_GCC_OPTIONS='-v' '-o' 'cmTC_40afd' '-mtune=generic' '-march=native' '-dumpdir' 'cmTC_40afd.']
  link line: [ /usr/libexec/gcc/x86_64-pc-linux-gnu/11.3.0/collect2 -plugin /usr/libexec/gcc/x86_64-pc-linux-gnu/11.3.0/liblto_plugin.so -plugin-opt=/usr/libexec/gcc/x86_64-pc-linux-gnu/11.3.0/lto-wrapper -plugin-opt=-fresolution=/tmp/cccVyh1v.res -plugin-opt=-pass-through=-lgcc -plugin-opt=-pass-through=-lgcc_s -plugin-opt=-pass-through=-lc -plugin-opt=-pass-through=-lgcc -plugin-opt=-pass-through=-lgcc_s --eh-frame-hdr -m elf_x86_64 -dynamic-linker /lib64/ld-linux-x86-64.so.2 -pie -o cmTC_40afd /usr/lib/gcc/x86_64-pc-linux-gnu/11.3.0/../../../../lib64/Scrt1.o /usr/lib/gcc/x86_64-pc-linux-gnu/11.3.0/../../../../lib64/crti.o /usr/lib/gcc/x86_64-pc-linux-gnu/11.3.0/crtbeginS.o -L/usr/lib/gcc/x86_64-pc-linux-gnu/11.3.0 -L/usr/lib/gcc/x86_64-pc-linux-gnu/11.3.0/../../../../lib64 -L/lib/../lib64 -L/usr/lib/../lib64 -L/usr/lib/gcc/x86_64-pc-linux-gnu/11.3.0/../../../../x86_64-pc-linux-gnu/lib -L/usr/lib/gcc/x86_64-pc-linux-gnu/11.3.0/../../.. CMakeFiles/cmTC_40afd.dir/CMakeCCompilerABI.c.o -lgcc --push-state --as-needed -lgcc_s --pop-state -lc -lgcc --push-state --as-needed -lgcc_s --pop-state /usr/lib/gcc/x86_64-pc-linux-gnu/11.3.0/crtendS.o /usr/lib/gcc/x86_64-pc-linux-gnu/11.3.0/../../../../lib64/crtn.o]
    arg [/usr/libexec/gcc/x86_64-pc-linux-gnu/11.3.0/collect2] ==> ignore
    arg [-plugin] ==> ignore
    arg [/usr/libexec/gcc/x86_64-pc-linux-gnu/11.3.0/liblto_plugin.so] ==> ignore
    arg [-plugin-opt=/usr/libexec/gcc/x86_64-pc-linux-gnu/11.3.0/lto-wrapper] ==> ignore
    arg [-plugin-opt=-fresolution=/tmp/cccVyh1v.res] ==> ignore
    arg [-plugin-opt=-pass-through=-lgcc] ==> ignore
    arg [-plugin-opt=-pass-through=-lgcc_s] ==> ignore
    arg [-plugin-opt=-pass-through=-lc] ==> ignore
    arg [-plugin-opt=-pass-through=-lgcc] ==> ignore
    arg [-plugin-opt=-pass-through=-lgcc_s] ==> ignore
    arg [--eh-frame-hdr] ==> ignore
    arg [-m] ==> ignore
    arg [elf_x86_64] ==> ignore
    arg [-dynamic-linker] ==> ignore
    arg [/lib64/ld-linux-x86-64.so.2] ==> ignore
    arg [-pie] ==> ignore
    arg [-o] ==> ignore
    arg [cmTC_40afd] ==> ignore
    arg [/usr/lib/gcc/x86_64-pc-linux-gnu/11.3.0/../../../../lib64/Scrt1.o] ==> obj [/usr/lib/gcc/x86_64-pc-linux-gnu/11.3.0/../../../../lib64/Scrt1.o]
    arg [/usr/lib/gcc/x86_64-pc-linux-gnu/11.3.0/../../../../lib64/crti.o] ==> obj [/usr/lib/gcc/x86_64-pc-linux-gnu/11.3.0/../../../../lib64/crti.o]
    arg [/usr/lib/gcc/x86_64-pc-linux-gnu/11.3.0/crtbeginS.o] ==> obj [/usr/lib/gcc/x86_64-pc-linux-gnu/11.3.0/crtbeginS.o]
    arg [-L/usr/lib/gcc/x86_64-pc-linux-gnu/11.3.0] ==> dir [/usr/lib/gcc/x86_64-pc-linux-gnu/11.3.0]
    arg [-L/usr/lib/gcc/x86_64-pc-linux-gnu/11.3.0/../../../../lib64] ==> dir [/usr/lib/gcc/x86_64-pc-linux-gnu/11.3.0/../../../../lib64]
    arg [-L/lib/../lib64] ==> dir [/lib/../lib64]
    arg [-L/usr/lib/../lib64] ==> dir [/usr/lib/../lib64]
    arg [-L/usr/lib/gcc/x86_64-pc-linux-gnu/11.3.0/../../../../x86_64-pc-linux-gnu/lib] ==> dir [/usr/lib/gcc/x86_64-pc-linux-gnu/11.3.0/../../../../x86_64-pc-linux-gnu/lib]
    arg [-L/usr/lib/gcc/x86_64-pc-linux-gnu/11.3.0/../../..] ==> dir [/usr/lib/gcc/x86_64-pc-linux-gnu/11.3.0/../../..]
    arg [CMakeFiles/cmTC_40afd.dir/CMakeCCompilerABI.c.o] ==> ignore
    arg [-lgcc] ==> lib [gcc]
    arg [--push-state] ==> ignore
    arg [--as-needed] ==> ignore
    arg [-lgcc_s] ==> lib [gcc_s]
    arg [--pop-state] ==> ignore
    arg [-lc] ==> lib [c]
    arg [-lgcc] ==> lib [gcc]
    arg [--push-state] ==> ignore
    arg [--as-needed] ==> ignore
    arg [-lgcc_s] ==> lib [gcc_s]
    arg [--pop-state] ==> ignore
    arg [/usr/lib/gcc/x86_64-pc-linux-gnu/11.3.0/crtendS.o] ==> obj [/usr/lib/gcc/x86_64-pc-linux-gnu/11.3.0/crtendS.o]
    arg [/usr/lib/gcc/x86_64-pc-linux-gnu/11.3.0/../../../../lib64/crtn.o] ==> obj [/usr/lib/gcc/x86_64-pc-linux-gnu/11.3.0/../../../../lib64/crtn.o]
  collapse obj [/usr/lib/gcc/x86_64-pc-linux-gnu/11.3.0/../../../../lib64/Scrt1.o] ==> [/usr/lib64/Scrt1.o]
  collapse obj [/usr/lib/gcc/x86_64-pc-linux-gnu/11.3.0/../../../../lib64/crti.o] ==> [/usr/lib64/crti.o]
  collapse obj [/usr/lib/gcc/x86_64-pc-linux-gnu/11.3.0/../../../../lib64/crtn.o] ==> [/usr/lib64/crtn.o]
  collapse library dir [/usr/lib/gcc/x86_64-pc-linux-gnu/11.3.0] ==> [/usr/lib/gcc/x86_64-pc-linux-gnu/11.3.0]
  collapse library dir [/usr/lib/gcc/x86_64-pc-linux-gnu/11.3.0/../../../../lib64] ==> [/usr/lib64]
  collapse library dir [/lib/../lib64] ==> [/lib64]
  collapse library dir [/usr/lib/../lib64] ==> [/usr/lib64]
  collapse library dir [/usr/lib/gcc/x86_64-pc-linux-gnu/11.3.0/../../../../x86_64-pc-linux-gnu/lib] ==> [/usr/x86_64-pc-linux-gnu/lib]
  collapse library dir [/usr/lib/gcc/x86_64-pc-linux-gnu/11.3.0/../../..] ==> [/usr/lib]
  implicit libs: [gcc;gcc_s;c;gcc;gcc_s]
  implicit objs: [/usr/lib64/Scrt1.o;/usr/lib64/crti.o;/usr/lib/gcc/x86_64-pc-linux-gnu/11.3.0/crtbeginS.o;/usr/lib/gcc/x86_64-pc-linux-gnu/11.3.0/crtendS.o;/usr/lib64/crtn.o]
  implicit dirs: [/usr/lib/gcc/x86_64-pc-linux-gnu/11.3.0;/usr/lib64;/lib64;/usr/x86_64-pc-linux-gnu/lib;/usr/lib]
  implicit fwks: []


Detecting CXX compiler ABI info compiled with the following output:
Change Dir: /home/i-use-gentoo-btw/Documents/Random/Pong/cmake-build-debug/CMakeFiles/CMakeTmp

Run Build Command(s):/usr/bin/gmake -f Makefile cmTC_1f3dc/fast && /usr/bin/gmake  -f CMakeFiles/cmTC_1f3dc.dir/build.make CMakeFiles/cmTC_1f3dc.dir/build
gmake[1]: Entering directory '/home/i-use-gentoo-btw/Documents/Random/Pong/cmake-build-debug/CMakeFiles/CMakeTmp'
Building CXX object CMakeFiles/cmTC_1f3dc.dir/CMakeCXXCompilerABI.cpp.o
/usr/bin/c++   -v -o CMakeFiles/cmTC_1f3dc.dir/CMakeCXXCompilerABI.cpp.o -c /opt/clion/bin/cmake/linux/share/cmake-3.23/Modules/CMakeCXXCompilerABI.cpp
Using built-in specs.
COLLECT_GCC=/usr/bin/c++
Target: x86_64-pc-linux-gnu
Configured with: ../gcc-11.3.0/configure --disable-libssp --disable-multilib --enable-version-specific-runtime-libs --prefix=/usr --bindir=/usr/x86_64-pc-linux-gnu/gcc-bin/11.3.0 --includedir=/usr/lib/gcc/x86_64-pc-linux-gnu/11.3.0/include --datadir=/usr/share/gcc-data/x86_64-pc-linux-gnu/11.3.0 --mandir=/usr/share/gcc-data/x86_64-pc-linux-gnu/11.3.0/man --infodir=/usr/share/gcc-data/x86_64-pc-linux-gnu/11.3.0/info --with-gxx-include-dir=/usr/lib/gcc/x86_64-pc-linux-gnu/11.3.0/include/g++-v11.3.0 --enable-clocale=gnu --host=x86_64-pc-linux-gnu --enable-obsolete --disable-werror --enable-libmudflap --enable-secureplt --enable-lto --with-system-zlib --without-cloog --with-bugurl=http://bugs.funtoo.org --with-pkgversion='Funtoo 11.3.0-r1' --enable-stage1-checking=assert,runtime,misc,tree,gc,rtlflag --enable-checking=assert,runtime --enable-languages=c,c++,fortran --disable-libgcj --enable-threads=posix --enable-__cxa_atexit --enable-libstdcxx-time --enable-libgomp --enable-bootstrap --enable-shared --build=x86_64-pc-linux-gnu --disable-libsanitizer --enable-default-pie --enable-default-ssp --disable-libstdcxx-pch --disable-vtable-verify --disable-libvtv --with-python-dir=/share/gcc-data/x86_64-pc-linux-gnu/11.3.0/python --enable-nls --with-included-gettext --with-arch=native
Thread model: posix
Supported LTO compression algorithms: zlib zstd
gcc version 11.3.0 (Funtoo 11.3.0-r1) 
COLLECT_GCC_OPTIONS='-v' '-o' 'CMakeFiles/cmTC_1f3dc.dir/CMakeCXXCompilerABI.cpp.o' '-c' '-shared-libgcc' '-mtune=generic' '-march=native' '-dumpdir' 'CMakeFiles/cmTC_1f3dc.dir/'
 /usr/libexec/gcc/x86_64-pc-linux-gnu/11.3.0/cc1plus -quiet -v -D_GNU_SOURCE /opt/clion/bin/cmake/linux/share/cmake-3.23/Modules/CMakeCXXCompilerABI.cpp -march=znver2 -mmmx -mpopcnt -msse -msse2 -msse3 -mssse3 -msse4.1 -msse4.2 -mavx -mavx2 -msse4a -mno-fma4 -mno-xop -mfma -mno-avx512f -mbmi -mbmi2 -maes -mpclmul -mno-avx512vl -mno-avx512bw -mno-avx512dq -mno-avx512cd -mno-avx512er -mno-avx512pf -mno-avx512vbmi -mno-avx512ifma -mno-avx5124vnniw -mno-avx5124fmaps -mno-avx512vpopcntdq -mno-avx512vbmi2 -mno-gfni -mno-vpclmulqdq -mno-avx512vnni -mno-avx512bitalg -mno-avx512bf16 -mno-avx512vp2intersect -mno-3dnow -madx -mabm -mno-cldemote -mclflushopt -mclwb -mclzero -mcx16 -mno-enqcmd -mf16c -mfsgsbase -mfxsr -mno-hle -msahf -mno-lwp -mlzcnt -mmovbe -mno-movdir64b -mno-movdiri -mmwaitx -mno-pconfig -mno-pku -mno-prefetchwt1 -mprfchw -mno-ptwrite -mrdpid -mrdrnd -mrdseed -mno-rtm -mno-serialize -mno-sgx -msha -mno-shstk -mno-tbm -mno-tsxldtrk -mno-vaes -mno-waitpkg -mwbnoinvd -mxsave -mxsavec -mxsaveopt -mxsaves -mno-amx-tile -mno-amx-int8 -mno-amx-bf16 -mno-uintr -mno-hreset -mno-kl -mno-widekl -mno-avxvnni -quiet -dumpdir CMakeFiles/cmTC_1f3dc.dir/ -dumpbase CMakeCXXCompilerABI.cpp.cpp -dumpbase-ext .cpp -mtune=generic -version -o /tmp/ccaTZMnU.s
GNU C++17 (Funtoo 11.3.0-r1) version 11.3.0 (x86_64-pc-linux-gnu)
	compiled by GNU C version 11.3.0, GMP version 6.2.1, MPFR version 4.1.0, MPC version 1.2.1, isl version none
GGC heuristics: --param ggc-min-expand=100 --param ggc-min-heapsize=131072
ignoring nonexistent directory "/usr/lib/gcc/x86_64-pc-linux-gnu/11.3.0/../../../../x86_64-pc-linux-gnu/include"
#include "..." search starts here:
#include <...> search starts here:
 /usr/lib/gcc/x86_64-pc-linux-gnu/11.3.0/include/g++-v11.3.0
 /usr/lib/gcc/x86_64-pc-linux-gnu/11.3.0/include/g++-v11.3.0/x86_64-pc-linux-gnu
 /usr/lib/gcc/x86_64-pc-linux-gnu/11.3.0/include/g++-v11.3.0/backward
 /usr/lib/gcc/x86_64-pc-linux-gnu/11.3.0/include
 /usr/local/include
 /usr/lib/gcc/x86_64-pc-linux-gnu/11.3.0/include-fixed
 /usr/include
End of search list.
GNU C++17 (Funtoo 11.3.0-r1) version 11.3.0 (x86_64-pc-linux-gnu)
	compiled by GNU C version 11.3.0, GMP version 6.2.1, MPFR version 4.1.0, MPC version 1.2.1, isl version none
GGC heuristics: --param ggc-min-expand=100 --param ggc-min-heapsize=131072
Compiler executable checksum: f2dd5495e2b5ecabad0f654dca20f26d
COLLECT_GCC_OPTIONS='-v' '-o' 'CMakeFiles/cmTC_1f3dc.dir/CMakeCXXCompilerABI.cpp.o' '-c' '-shared-libgcc' '-mtune=generic' '-march=native' '-dumpdir' 'CMakeFiles/cmTC_1f3dc.dir/'
 /usr/lib/gcc/x86_64-pc-linux-gnu/11.3.0/../../../../x86_64-pc-linux-gnu/bin/as -v --64 -o CMakeFiles/cmTC_1f3dc.dir/CMakeCXXCompilerABI.cpp.o /tmp/ccaTZMnU.s
GNU assembler version 2.36.1 (x86_64-pc-linux-gnu) using BFD version (Funtoo {version} patchset: https://dev.gentoo.org/~dilfridge/distfiles/binutils-2.36.1-patches-3.tar.xz) 2.36.1
COMPILER_PATH=/usr/libexec/gcc/x86_64-pc-linux-gnu/11.3.0/:/usr/libexec/gcc/x86_64-pc-linux-gnu/11.3.0/:/usr/libexec/gcc/x86_64-pc-linux-gnu/:/usr/lib/gcc/x86_64-pc-linux-gnu/11.3.0/:/usr/lib/gcc/x86_64-pc-linux-gnu/:/usr/lib/gcc/x86_64-pc-linux-gnu/11.3.0/../../../../x86_64-pc-linux-gnu/bin/
LIBRARY_PATH=/usr/lib/gcc/x86_64-pc-linux-gnu/11.3.0/:/usr/lib/gcc/x86_64-pc-linux-gnu/11.3.0/../../../../lib64/:/lib/../lib64/:/usr/lib/../lib64/:/usr/lib/gcc/x86_64-pc-linux-gnu/11.3.0/../../../../x86_64-pc-linux-gnu/lib/:/usr/lib/gcc/x86_64-pc-linux-gnu/11.3.0/../../../:/lib/:/usr/lib/
COLLECT_GCC_OPTIONS='-v' '-o' 'CMakeFiles/cmTC_1f3dc.dir/CMakeCXXCompilerABI.cpp.o' '-c' '-shared-libgcc' '-mtune=generic' '-march=native' '-dumpdir' 'CMakeFiles/cmTC_1f3dc.dir/CMakeCXXCompilerABI.cpp.'
Linking CXX executable cmTC_1f3dc
/opt/clion/bin/cmake/linux/bin/cmake -E cmake_link_script CMakeFiles/cmTC_1f3dc.dir/link.txt --verbose=1
/usr/bin/c++  -v CMakeFiles/cmTC_1f3dc.dir/CMakeCXXCompilerABI.cpp.o -o cmTC_1f3dc 
Using built-in specs.
COLLECT_GCC=/usr/bin/c++
COLLECT_LTO_WRAPPER=/usr/libexec/gcc/x86_64-pc-linux-gnu/11.3.0/lto-wrapper
Target: x86_64-pc-linux-gnu
Configured with: ../gcc-11.3.0/configure --disable-libssp --disable-multilib --enable-version-specific-runtime-libs --prefix=/usr --bindir=/usr/x86_64-pc-linux-gnu/gcc-bin/11.3.0 --includedir=/usr/lib/gcc/x86_64-pc-linux-gnu/11.3.0/include --datadir=/usr/share/gcc-data/x86_64-pc-linux-gnu/11.3.0 --mandir=/usr/share/gcc-data/x86_64-pc-linux-gnu/11.3.0/man --infodir=/usr/share/gcc-data/x86_64-pc-linux-gnu/11.3.0/info --with-gxx-include-dir=/usr/lib/gcc/x86_64-pc-linux-gnu/11.3.0/include/g++-v11.3.0 --enable-clocale=gnu --host=x86_64-pc-linux-gnu --enable-obsolete --disable-werror --enable-libmudflap --enable-secureplt --enable-lto --with-system-zlib --without-cloog --with-bugurl=http://bugs.funtoo.org --with-pkgversion='Funtoo 11.3.0-r1' --enable-stage1-checking=assert,runtime,misc,tree,gc,rtlflag --enable-checking=assert,runtime --enable-languages=c,c++,fortran --disable-libgcj --enable-threads=posix --enable-__cxa_atexit --enable-libstdcxx-time --enable-libgomp --enable-bootstrap --enable-shared --build=x86_64-pc-linux-gnu --disable-libsanitizer --enable-default-pie --enable-default-ssp --disable-libstdcxx-pch --disable-vtable-verify --disable-libvtv --with-python-dir=/share/gcc-data/x86_64-pc-linux-gnu/11.3.0/python --enable-nls --with-included-gettext --with-arch=native
Thread model: posix
Supported LTO compression algorithms: zlib zstd
gcc version 11.3.0 (Funtoo 11.3.0-r1) 
COMPILER_PATH=/usr/libexec/gcc/x86_64-pc-linux-gnu/11.3.0/:/usr/libexec/gcc/x86_64-pc-linux-gnu/11.3.0/:/usr/libexec/gcc/x86_64-pc-linux-gnu/:/usr/lib/gcc/x86_64-pc-linux-gnu/11.3.0/:/usr/lib/gcc/x86_64-pc-linux-gnu/:/usr/lib/gcc/x86_64-pc-linux-gnu/11.3.0/../../../../x86_64-pc-linux-gnu/bin/
LIBRARY_PATH=/usr/lib/gcc/x86_64-pc-linux-gnu/11.3.0/:/usr/lib/gcc/x86_64-pc-linux-gnu/11.3.0/../../../../lib64/:/lib/../lib64/:/usr/lib/../lib64/:/usr/lib/gcc/x86_64-pc-linux-gnu/11.3.0/../../../../x86_64-pc-linux-gnu/lib/:/usr/lib/gcc/x86_64-pc-linux-gnu/11.3.0/../../../:/lib/:/usr/lib/
COLLECT_GCC_OPTIONS='-v' '-o' 'cmTC_1f3dc' '-shared-libgcc' '-mtune=generic' '-march=native' '-dumpdir' 'cmTC_1f3dc.'
 /usr/libexec/gcc/x86_64-pc-linux-gnu/11.3.0/collect2 -plugin /usr/libexec/gcc/x86_64-pc-linux-gnu/11.3.0/liblto_plugin.so -plugin-opt=/usr/libexec/gcc/x86_64-pc-linux-gnu/11.3.0/lto-wrapper -plugin-opt=-fresolution=/tmp/ccsD9X56.res -plugin-opt=-pass-through=-lgcc_s -plugin-opt=-pass-through=-lgcc -plugin-opt=-pass-through=-lc -plugin-opt=-pass-through=-lgcc_s -plugin-opt=-pass-through=-lgcc --eh-frame-hdr -m elf_x86_64 -dynamic-linker /lib64/ld-linux-x86-64.so.2 -pie -o cmTC_1f3dc /usr/lib/gcc/x86_64-pc-linux-gnu/11.3.0/../../../../lib64/Scrt1.o /usr/lib/gcc/x86_64-pc-linux-gnu/11.3.0/../../../../lib64/crti.o /usr/lib/gcc/x86_64-pc-linux-gnu/11.3.0/crtbeginS.o -L/usr/lib/gcc/x86_64-pc-linux-gnu/11.3.0 -L/usr/lib/gcc/x86_64-pc-linux-gnu/11.3.0/../../../../lib64 -L/lib/../lib64 -L/usr/lib/../lib64 -L/usr/lib/gcc/x86_64-pc-linux-gnu/11.3.0/../../../../x86_64-pc-linux-gnu/lib -L/usr/lib/gcc/x86_64-pc-linux-gnu/11.3.0/../../.. CMakeFiles/cmTC_1f3dc.dir/CMakeCXXCompilerABI.cpp.o -lstdc++ -lm -lgcc_s -lgcc -lc -lgcc_s -lgcc /usr/lib/gcc/x86_64-pc-linux-gnu/11.3.0/crtendS.o /usr/lib/gcc/x86_64-pc-linux-gnu/11.3.0/../../../../lib64/crtn.o
COLLECT_GCC_OPTIONS='-v' '-o' 'cmTC_1f3dc' '-shared-libgcc' '-mtune=generic' '-march=native' '-dumpdir' 'cmTC_1f3dc.'
gmake[1]: Leaving directory '/home/i-use-gentoo-btw/Documents/Random/Pong/cmake-build-debug/CMakeFiles/CMakeTmp'



Parsed CXX implicit include dir info from above output: rv=done
  found start of include info
  found start of implicit include info
    add: [/usr/lib/gcc/x86_64-pc-linux-gnu/11.3.0/include/g++-v11.3.0]
    add: [/usr/lib/gcc/x86_64-pc-linux-gnu/11.3.0/include/g++-v11.3.0/x86_64-pc-linux-gnu]
    add: [/usr/lib/gcc/x86_64-pc-linux-gnu/11.3.0/include/g++-v11.3.0/backward]
    add: [/usr/lib/gcc/x86_64-pc-linux-gnu/11.3.0/include]
    add: [/usr/local/include]
    add: [/usr/lib/gcc/x86_64-pc-linux-gnu/11.3.0/include-fixed]
    add: [/usr/include]
  end of search list found
  collapse include dir [/usr/lib/gcc/x86_64-pc-linux-gnu/11.3.0/include/g++-v11.3.0] ==> [/usr/lib/gcc/x86_64-pc-linux-gnu/11.3.0/include/g++-v11.3.0]
  collapse include dir [/usr/lib/gcc/x86_64-pc-linux-gnu/11.3.0/include/g++-v11.3.0/x86_64-pc-linux-gnu] ==> [/usr/lib/gcc/x86_64-pc-linux-gnu/11.3.0/include/g++-v11.3.0/x86_64-pc-linux-gnu]
  collapse include dir [/usr/lib/gcc/x86_64-pc-linux-gnu/11.3.0/include/g++-v11.3.0/backward] ==> [/usr/lib/gcc/x86_64-pc-linux-gnu/11.3.0/include/g++-v11.3.0/backward]
  collapse include dir [/usr/lib/gcc/x86_64-pc-linux-gnu/11.3.0/include] ==> [/usr/lib/gcc/x86_64-pc-linux-gnu/11.3.0/include]
  collapse include dir [/usr/local/include] ==> [/usr/local/include]
  collapse include dir [/usr/lib/gcc/x86_64-pc-linux-gnu/11.3.0/include-fixed] ==> [/usr/lib/gcc/x86_64-pc-linux-gnu/11.3.0/include-fixed]
  collapse include dir [/usr/include] ==> [/usr/include]
  implicit include dirs: [/usr/lib/gcc/x86_64-pc-linux-gnu/11.3.0/include/g++-v11.3.0;/usr/lib/gcc/x86_64-pc-linux-gnu/11.3.0/include/g++-v11.3.0/x86_64-pc-linux-gnu;/usr/lib/gcc/x86_64-pc-linux-gnu/11.3.0/include/g++-v11.3.0/backward;/usr/lib/gcc/x86_64-pc-linux-gnu/11.3.0/include;/usr/local/include;/usr/lib/gcc/x86_64-pc-linux-gnu/11.3.0/include-fixed;/usr/include]


Parsed CXX implicit link information from above output:
  link line regex: [^( *|.*[/\])(ld|CMAKE_LINK_STARTFILE-NOTFOUND|([^/\]+-)?ld|collect2)[^/\]*( |$)]
  ignore line: [Change Dir: /home/i-use-gentoo-btw/Documents/Random/Pong/cmake-build-debug/CMakeFiles/CMakeTmp]
  ignore line: []
  ignore line: [Run Build Command(s):/usr/bin/gmake -f Makefile cmTC_1f3dc/fast && /usr/bin/gmake  -f CMakeFiles/cmTC_1f3dc.dir/build.make CMakeFiles/cmTC_1f3dc.dir/build]
  ignore line: [gmake[1]: Entering directory '/home/i-use-gentoo-btw/Documents/Random/Pong/cmake-build-debug/CMakeFiles/CMakeTmp']
  ignore line: [Building CXX object CMakeFiles/cmTC_1f3dc.dir/CMakeCXXCompilerABI.cpp.o]
  ignore line: [/usr/bin/c++   -v -o CMakeFiles/cmTC_1f3dc.dir/CMakeCXXCompilerABI.cpp.o -c /opt/clion/bin/cmake/linux/share/cmake-3.23/Modules/CMakeCXXCompilerABI.cpp]
  ignore line: [Using built-in specs.]
  ignore line: [COLLECT_GCC=/usr/bin/c++]
  ignore line: [Target: x86_64-pc-linux-gnu]
  ignore line: [Configured with: ../gcc-11.3.0/configure --disable-libssp --disable-multilib --enable-version-specific-runtime-libs --prefix=/usr --bindir=/usr/x86_64-pc-linux-gnu/gcc-bin/11.3.0 --includedir=/usr/lib/gcc/x86_64-pc-linux-gnu/11.3.0/include --datadir=/usr/share/gcc-data/x86_64-pc-linux-gnu/11.3.0 --mandir=/usr/share/gcc-data/x86_64-pc-linux-gnu/11.3.0/man --infodir=/usr/share/gcc-data/x86_64-pc-linux-gnu/11.3.0/info --with-gxx-include-dir=/usr/lib/gcc/x86_64-pc-linux-gnu/11.3.0/include/g++-v11.3.0 --enable-clocale=gnu --host=x86_64-pc-linux-gnu --enable-obsolete --disable-werror --enable-libmudflap --enable-secureplt --enable-lto --with-system-zlib --without-cloog --with-bugurl=http://bugs.funtoo.org --with-pkgversion='Funtoo 11.3.0-r1' --enable-stage1-checking=assert runtime misc tree gc rtlflag --enable-checking=assert runtime --enable-languages=c c++ fortran --disable-libgcj --enable-threads=posix --enable-__cxa_atexit --enable-libstdcxx-time --enable-libgomp --enable-bootstrap --enable-shared --build=x86_64-pc-linux-gnu --disable-libsanitizer --enable-default-pie --enable-default-ssp --disable-libstdcxx-pch --disable-vtable-verify --disable-libvtv --with-python-dir=/share/gcc-data/x86_64-pc-linux-gnu/11.3.0/python --enable-nls --with-included-gettext --with-arch=native]
  ignore line: [Thread model: posix]
  ignore line: [Supported LTO compression algorithms: zlib zstd]
  ignore line: [gcc version 11.3.0 (Funtoo 11.3.0-r1) ]
  ignore line: [COLLECT_GCC_OPTIONS='-v' '-o' 'CMakeFiles/cmTC_1f3dc.dir/CMakeCXXCompilerABI.cpp.o' '-c' '-shared-libgcc' '-mtune=generic' '-march=native' '-dumpdir' 'CMakeFiles/cmTC_1f3dc.dir/']
  ignore line: [ /usr/libexec/gcc/x86_64-pc-linux-gnu/11.3.0/cc1plus -quiet -v -D_GNU_SOURCE /opt/clion/bin/cmake/linux/share/cmake-3.23/Modules/CMakeCXXCompilerABI.cpp -march=znver2 -mmmx -mpopcnt -msse -msse2 -msse3 -mssse3 -msse4.1 -msse4.2 -mavx -mavx2 -msse4a -mno-fma4 -mno-xop -mfma -mno-avx512f -mbmi -mbmi2 -maes -mpclmul -mno-avx512vl -mno-avx512bw -mno-avx512dq -mno-avx512cd -mno-avx512er -mno-avx512pf -mno-avx512vbmi -mno-avx512ifma -mno-avx5124vnniw -mno-avx5124fmaps -mno-avx512vpopcntdq -mno-avx512vbmi2 -mno-gfni -mno-vpclmulqdq -mno-avx512vnni -mno-avx512bitalg -mno-avx512bf16 -mno-avx512vp2intersect -mno-3dnow -madx -mabm -mno-cldemote -mclflushopt -mclwb -mclzero -mcx16 -mno-enqcmd -mf16c -mfsgsbase -mfxsr -mno-hle -msahf -mno-lwp -mlzcnt -mmovbe -mno-movdir64b -mno-movdiri -mmwaitx -mno-pconfig -mno-pku -mno-prefetchwt1 -mprfchw -mno-ptwrite -mrdpid -mrdrnd -mrdseed -mno-rtm -mno-serialize -mno-sgx -msha -mno-shstk -mno-tbm -mno-tsxldtrk -mno-vaes -mno-waitpkg -mwbnoinvd -mxsave -mxsavec -mxsaveopt -mxsaves -mno-amx-tile -mno-amx-int8 -mno-amx-bf16 -mno-uintr -mno-hreset -mno-kl -mno-widekl -mno-avxvnni -quiet -dumpdir CMakeFiles/cmTC_1f3dc.dir/ -dumpbase CMakeCXXCompilerABI.cpp.cpp -dumpbase-ext .cpp -mtune=generic -version -o /tmp/ccaTZMnU.s]
  ignore line: [GNU C++17 (Funtoo 11.3.0-r1) version 11.3.0 (x86_64-pc-linux-gnu)]
  ignore line: [	compiled by GNU C version 11.3.0  GMP version 6.2.1  MPFR version 4.1.0  MPC version 1.2.1  isl version none]
  ignore line: [GGC heuristics: --param ggc-min-expand=100 --param ggc-min-heapsize=131072]
  ignore line: [ignoring nonexistent directory "/usr/lib/gcc/x86_64-pc-linux-gnu/11.3.0/../../../../x86_64-pc-linux-gnu/include"]
  ignore line: [#include "..." search starts here:]
  ignore line: [#include <...> search starts here:]
  ignore line: [ /usr/lib/gcc/x86_64-pc-linux-gnu/11.3.0/include/g++-v11.3.0]
  ignore line: [ /usr/lib/gcc/x86_64-pc-linux-gnu/11.3.0/include/g++-v11.3.0/x86_64-pc-linux-gnu]
  ignore line: [ /usr/lib/gcc/x86_64-pc-linux-gnu/11.3.0/include/g++-v11.3.0/backward]
  ignore line: [ /usr/lib/gcc/x86_64-pc-linux-gnu/11.3.0/include]
  ignore line: [ /usr/local/include]
  ignore line: [ /usr/lib/gcc/x86_64-pc-linux-gnu/11.3.0/include-fixed]
  ignore line: [ /usr/include]
  ignore line: [End of search list.]
  ignore line: [GNU C++17 (Funtoo 11.3.0-r1) version 11.3.0 (x86_64-pc-linux-gnu)]
  ignore line: [	compiled by GNU C version 11.3.0  GMP version 6.2.1  MPFR version 4.1.0  MPC version 1.2.1  isl version none]
  ignore line: [GGC heuristics: --param ggc-min-expand=100 --param ggc-min-heapsize=131072]
  ignore line: [Compiler executable checksum: f2dd5495e2b5ecabad0f654dca20f26d]
  ignore line: [COLLECT_GCC_OPTIONS='-v' '-o' 'CMakeFiles/cmTC_1f3dc.dir/CMakeCXXCompilerABI.cpp.o' '-c' '-shared-libgcc' '-mtune=generic' '-march=native' '-dumpdir' 'CMakeFiles/cmTC_1f3dc.dir/']
  ignore line: [ /usr/lib/gcc/x86_64-pc-linux-gnu/11.3.0/../../../../x86_64-pc-linux-gnu/bin/as -v --64 -o CMakeFiles/cmTC_1f3dc.dir/CMakeCXXCompilerABI.cpp.o /tmp/ccaTZMnU.s]
  ignore line: [GNU assembler version 2.36.1 (x86_64-pc-linux-gnu) using BFD version (Funtoo {version} patchset: https://dev.gentoo.org/~dilfridge/distfiles/binutils-2.36.1-patches-3.tar.xz) 2.36.1]
  ignore line: [COMPILER_PATH=/usr/libexec/gcc/x86_64-pc-linux-gnu/11.3.0/:/usr/libexec/gcc/x86_64-pc-linux-gnu/11.3.0/:/usr/libexec/gcc/x86_64-pc-linux-gnu/:/usr/lib/gcc/x86_64-pc-linux-gnu/11.3.0/:/usr/lib/gcc/x86_64-pc-linux-gnu/:/usr/lib/gcc/x86_64-pc-linux-gnu/11.3.0/../../../../x86_64-pc-linux-gnu/bin/]
  ignore line: [LIBRARY_PATH=/usr/lib/gcc/x86_64-pc-linux-gnu/11.3.0/:/usr/lib/gcc/x86_64-pc-linux-gnu/11.3.0/../../../../lib64/:/lib/../lib64/:/usr/lib/../lib64/:/usr/lib/gcc/x86_64-pc-linux-gnu/11.3.0/../../../../x86_64-pc-linux-gnu/lib/:/usr/lib/gcc/x86_64-pc-linux-gnu/11.3.0/../../../:/lib/:/usr/lib/]
  ignore line: [COLLECT_GCC_OPTIONS='-v' '-o' 'CMakeFiles/cmTC_1f3dc.dir/CMakeCXXCompilerABI.cpp.o' '-c' '-shared-libgcc' '-mtune=generic' '-march=native' '-dumpdir' 'CMakeFiles/cmTC_1f3dc.dir/CMakeCXXCompilerABI.cpp.']
  ignore line: [Linking CXX executable cmTC_1f3dc]
  ignore line: [/opt/clion/bin/cmake/linux/bin/cmake -E cmake_link_script CMakeFiles/cmTC_1f3dc.dir/link.txt --verbose=1]
  ignore line: [/usr/bin/c++  -v CMakeFiles/cmTC_1f3dc.dir/CMakeCXXCompilerABI.cpp.o -o cmTC_1f3dc ]
  ignore line: [Using built-in specs.]
  ignore line: [COLLECT_GCC=/usr/bin/c++]
  ignore line: [COLLECT_LTO_WRAPPER=/usr/libexec/gcc/x86_64-pc-linux-gnu/11.3.0/lto-wrapper]
  ignore line: [Target: x86_64-pc-linux-gnu]
  ignore line: [Configured with: ../gcc-11.3.0/configure --disable-libssp --disable-multilib --enable-version-specific-runtime-libs --prefix=/usr --bindir=/usr/x86_64-pc-linux-gnu/gcc-bin/11.3.0 --includedir=/usr/lib/gcc/x86_64-pc-linux-gnu/11.3.0/include --datadir=/usr/share/gcc-data/x86_64-pc-linux-gnu/11.3.0 --mandir=/usr/share/gcc-data/x86_64-pc-linux-gnu/11.3.0/man --infodir=/usr/share/gcc-data/x86_64-pc-linux-gnu/11.3.0/info --with-gxx-include-dir=/usr/lib/gcc/x86_64-pc-linux-gnu/11.3.0/include/g++-v11.3.0 --enable-clocale=gnu --host=x86_64-pc-linux-gnu --enable-obsolete --disable-werror --enable-libmudflap --enable-secureplt --enable-lto --with-system-zlib --without-cloog --with-bugurl=http://bugs.funtoo.org --with-pkgversion='Funtoo 11.3.0-r1' --enable-stage1-checking=assert runtime misc tree gc rtlflag --enable-checking=assert runtime --enable-languages=c c++ fortran --disable-libgcj --enable-threads=posix --enable-__cxa_atexit --enable-libstdcxx-time --enable-libgomp --enable-bootstrap --enable-shared --build=x86_64-pc-linux-gnu --disable-libsanitizer --enable-default-pie --enable-default-ssp --disable-libstdcxx-pch --disable-vtable-verify --disable-libvtv --with-python-dir=/share/gcc-data/x86_64-pc-linux-gnu/11.3.0/python --enable-nls --with-included-gettext --with-arch=native]
  ignore line: [Thread model: posix]
  ignore line: [Supported LTO compression algorithms: zlib zstd]
  ignore line: [gcc version 11.3.0 (Funtoo 11.3.0-r1) ]
  ignore line: [COMPILER_PATH=/usr/libexec/gcc/x86_64-pc-linux-gnu/11.3.0/:/usr/libexec/gcc/x86_64-pc-linux-gnu/11.3.0/:/usr/libexec/gcc/x86_64-pc-linux-gnu/:/usr/lib/gcc/x86_64-pc-linux-gnu/11.3.0/:/usr/lib/gcc/x86_64-pc-linux-gnu/:/usr/lib/gcc/x86_64-pc-linux-gnu/11.3.0/../../../../x86_64-pc-linux-gnu/bin/]
  ignore line: [LIBRARY_PATH=/usr/lib/gcc/x86_64-pc-linux-gnu/11.3.0/:/usr/lib/gcc/x86_64-pc-linux-gnu/11.3.0/../../../../lib64/:/lib/../lib64/:/usr/lib/../lib64/:/usr/lib/gcc/x86_64-pc-linux-gnu/11.3.0/../../../../x86_64-pc-linux-gnu/lib/:/usr/lib/gcc/x86_64-pc-linux-gnu/11.3.0/../../../:/lib/:/usr/lib/]
  ignore line: [COLLECT_GCC_OPTIONS='-v' '-o' 'cmTC_1f3dc' '-shared-libgcc' '-mtune=generic' '-march=native' '-dumpdir' 'cmTC_1f3dc.']
  link line: [ /usr/libexec/gcc/x86_64-pc-linux-gnu/11.3.0/collect2 -plugin /usr/libexec/gcc/x86_64-pc-linux-gnu/11.3.0/liblto_plugin.so -plugin-opt=/usr/libexec/gcc/x86_64-pc-linux-gnu/11.3.0/lto-wrapper -plugin-opt=-fresolution=/tmp/ccsD9X56.res -plugin-opt=-pass-through=-lgcc_s -plugin-opt=-pass-through=-lgcc -plugin-opt=-pass-through=-lc -plugin-opt=-pass-through=-lgcc_s -plugin-opt=-pass-through=-lgcc --eh-frame-hdr -m elf_x86_64 -dynamic-linker /lib64/ld-linux-x86-64.so.2 -pie -o cmTC_1f3dc /usr/lib/gcc/x86_64-pc-linux-gnu/11.3.0/../../../../lib64/Scrt1.o /usr/lib/gcc/x86_64-pc-linux-gnu/11.3.0/../../../../lib64/crti.o /usr/lib/gcc/x86_64-pc-linux-gnu/11.3.0/crtbeginS.o -L/usr/lib/gcc/x86_64-pc-linux-gnu/11.3.0 -L/usr/lib/gcc/x86_64-pc-linux-gnu/11.3.0/../../../../lib64 -L/lib/../lib64 -L/usr/lib/../lib64 -L/usr/lib/gcc/x86_64-pc-linux-gnu/11.3.0/../../../../x86_64-pc-linux-gnu/lib -L/usr/lib/gcc/x86_64-pc-linux-gnu/11.3.0/../../.. CMakeFiles/cmTC_1f3dc.dir/CMakeCXXCompilerABI.cpp.o -lstdc++ -lm -lgcc_s -lgcc -lc -lgcc_s -lgcc /usr/lib/gcc/x86_64-pc-linux-gnu/11.3.0/crtendS.o /usr/lib/gcc/x86_64-pc-linux-gnu/11.3.0/../../../../lib64/crtn.o]
    arg [/usr/libexec/gcc/x86_64-pc-linux-gnu/11.3.0/collect2] ==> ignore
    arg [-plugin] ==> ignore
    arg [/usr/libexec/gcc/x86_64-pc-linux-gnu/11.3.0/liblto_plugin.so] ==> ignore
    arg [-plugin-opt=/usr/libexec/gcc/x86_64-pc-linux-gnu/11.3.0/lto-wrapper] ==> ignore
    arg [-plugin-opt=-fresolution=/tmp/ccsD9X56.res] ==> ignore
    arg [-plugin-opt=-pass-through=-lgcc_s] ==> ignore
    arg [-plugin-opt=-pass-through=-lgcc] ==> ignore
    arg [-plugin-opt=-pass-through=-lc] ==> ignore
    arg [-plugin-opt=-pass-through=-lgcc_s] ==> ignore
    arg [-plugin-opt=-pass-through=-lgcc] ==> ignore
    arg [--eh-frame-hdr] ==> ignore
    arg [-m] ==> ignore
    arg [elf_x86_64] ==> ignore
    arg [-dynamic-linker] ==> ignore
    arg [/lib64/ld-linux-x86-64.so.2] ==> ignore
    arg [-pie] ==> ignore
    arg [-o] ==> ignore
    arg [cmTC_1f3dc] ==> ignore
    arg [/usr/lib/gcc/x86_64-pc-linux-gnu/11.3.0/../../../../lib64/Scrt1.o] ==> obj [/usr/lib/gcc/x86_64-pc-linux-gnu/11.3.0/../../../../lib64/Scrt1.o]
    arg [/usr/lib/gcc/x86_64-pc-linux-gnu/11.3.0/../../../../lib64/crti.o] ==> obj [/usr/lib/gcc/x86_64-pc-linux-gnu/11.3.0/../../../../lib64/crti.o]
    arg [/usr/lib/gcc/x86_64-pc-linux-gnu/11.3.0/crtbeginS.o] ==> obj [/usr/lib/gcc/x86_64-pc-linux-gnu/11.3.0/crtbeginS.o]
    arg [-L/usr/lib/gcc/x86_64-pc-linux-gnu/11.3.0] ==> dir [/usr/lib/gcc/x86_64-pc-linux-gnu/11.3.0]
    arg [-L/usr/lib/gcc/x86_64-pc-linux-gnu/11.3.0/../../../../lib64] ==> dir [/usr/lib/gcc/x86_64-pc-linux-gnu/11.3.0/../../../../lib64]
    arg [-L/lib/../lib64] ==> dir [/lib/../lib64]
    arg [-L/usr/lib/../lib64] ==> dir [/usr/lib/../lib64]
    arg [-L/usr/lib/gcc/x86_64-pc-linux-gnu/11.3.0/../../../../x86_64-pc-linux-gnu/lib] ==> dir [/usr/lib/gcc/x86_64-pc-linux-gnu/11.3.0/../../../../x86_64-pc-linux-gnu/lib]
    arg [-L/usr/lib/gcc/x86_64-pc-linux-gnu/11.3.0/../../..] ==> dir [/usr/lib/gcc/x86_64-pc-linux-gnu/11.3.0/../../..]
    arg [CMakeFiles/cmTC_1f3dc.dir/CMakeCXXCompilerABI.cpp.o] ==> ignore
    arg [-lstdc++] ==> lib [stdc++]
    arg [-lm] ==> lib [m]
    arg [-lgcc_s] ==> lib [gcc_s]
    arg [-lgcc] ==> lib [gcc]
    arg [-lc] ==> lib [c]
    arg [-lgcc_s] ==> lib [gcc_s]
    arg [-lgcc] ==> lib [gcc]
    arg [/usr/lib/gcc/x86_64-pc-linux-gnu/11.3.0/crtendS.o] ==> obj [/usr/lib/gcc/x86_64-pc-linux-gnu/11.3.0/crtendS.o]
    arg [/usr/lib/gcc/x86_64-pc-linux-gnu/11.3.0/../../../../lib64/crtn.o] ==> obj [/usr/lib/gcc/x86_64-pc-linux-gnu/11.3.0/../../../../lib64/crtn.o]
  collapse obj [/usr/lib/gcc/x86_64-pc-linux-gnu/11.3.0/../../../../lib64/Scrt1.o] ==> [/usr/lib64/Scrt1.o]
  collapse obj [/usr/lib/gcc/x86_64-pc-linux-gnu/11.3.0/../../../../lib64/crti.o] ==> [/usr/lib64/crti.o]
  collapse obj [/usr/lib/gcc/x86_64-pc-linux-gnu/11.3.0/../../../../lib64/crtn.o] ==> [/usr/lib64/crtn.o]
  collapse library dir [/usr/lib/gcc/x86_64-pc-linux-gnu/11.3.0] ==> [/usr/lib/gcc/x86_64-pc-linux-gnu/11.3.0]
  collapse library dir [/usr/lib/gcc/x86_64-pc-linux-gnu/11.3.0/../../../../lib64] ==> [/usr/lib64]
  collapse library dir [/lib/../lib64] ==> [/lib64]
  collapse library dir [/usr/lib/../lib64] ==> [/usr/lib64]
  collapse library dir [/usr/lib/gcc/x86_64-pc-linux-gnu/11.3.0/../../../../x86_64-pc-linux-gnu/lib] ==> [/usr/x86_64-pc-linux-gnu/lib]
  collapse library dir [/usr/lib/gcc/x86_64-pc-linux-gnu/11.3.0/../../..] ==> [/usr/lib]
  implicit libs: [stdc++;m;gcc_s;gcc;c;gcc_s;gcc]
  implicit objs: [/usr/lib64/Scrt1.o;/usr/lib64/crti.o;/usr/lib/gcc/x86_64-pc-linux-gnu/11.3.0/crtbeginS.o;/usr/lib/gcc/x86_64-pc-linux-gnu/11.3.0/crtendS.o;/usr/lib64/crtn.o]
  implicit dirs: [/usr/lib/gcc/x86_64-pc-linux-gnu/11.3.0;/usr/lib64;/lib64;/usr/x86_64-pc-linux-gnu/lib;/usr/lib]
  implicit fwks: []


